[28560:23076:0818/234119.382:VERBOSE1:components\variations\service\variations_field_trial_creator_base.cc:83] VariationsSeedUsage:12
[28560:23076:0818/234119.382:VERBOSE1:components\variations\service\variations_field_trial_creator_base.cc:342] VariationsSetupComplete
[28560:23076:0818/234119.407:VERBOSE1:chrome\browser\media\webrtc\webrtc_event_log_manager.cc:122] WebRTC remote-bound event logging enabled.
[28560:23076:0818/234119.411:VERBOSE1:components\proxy_config\pref_proxy_config_tracker_impl.cc:199] 0x1f24022602c0: set chrome proxy config service to 0x1f24023181a0
[28560:23076:0818/234119.419:VERBOSE1:components\device_event_log\device_event_log_impl.cc:200] [23:41:19.417] Display: EVENT: screen_win.cc:1009 Displays updated, count: 1
[28560:23076:0818/234119.420:VERBOSE1:components\device_event_log\device_event_log_impl.cc:200] [23:41:19.421] Display: EVENT: screen_win.cc:1011 Display[1141416073] bounds=[0,0 3440x1440], workarea=[0,0 3440x1440], scale=1, rotation=0, panel_rotation=0 external detected
[28560:27616:0818/234119.432:VERBOSE1:content\browser\renderer_host\media\media_stream_manager.cc:1547] MSM::InitializeMaybeAsync([this=0x1f2402303f00])
[28560:27616:0818/234119.432:VERBOSE1:content\browser\renderer_host\media\media_stream_manager.cc:1547] MDM::MediaDevicesManager()
[28560:27616:0818/234119.432:VERBOSE1:content\browser\renderer_host\media\media_stream_manager.cc:1547] MSM::MediaStreamManager([this=0x1f2402303f00]))
[28560:23076:0818/234119.437:VERBOSE1:components\enterprise\browser\controller\chrome_browser_cloud_management_controller.cc:167] Cloud management controller initialization aborted as CBCM is not enabled. Please use the `--enable-chrome-browser-cloud-management` command line flag to enable it if you are not using the official Google Chrome build.
[28560:23076:0818/234119.438:VERBOSE1:chrome\browser\enterprise\platform_auth\platform_auth_policy_observer.cc:75] PlatformAuthProviderManager enabled: 0
[28560:23076:0818/234119.443:WARNING:chrome\browser\signin\account_consistency_mode_manager.cc:74] Desktop Identity Consistency cannot be enabled as no OAuth client ID and client secret have been configured.
[28560:23076:0818/234119.443:VERBOSE1:chrome\browser\signin\account_consistency_mode_manager.cc:207] Desktop Identity Consistency disabled as sign-in to Chrome is not allowed
[28560:23076:0818/234119.448:VERBOSE1:components\proxy_config\pref_proxy_config_tracker_impl.cc:199] 0x1f2402261e40: set chrome proxy config service to 0x1f240231b400
[28560:23076:0818/234119.448:VERBOSE1:chrome\browser\signin\account_consistency_mode_manager.cc:207] Desktop Identity Consistency disabled as sign-in to Chrome is not allowed
[28560:23076:0818/234119.448:VERBOSE1:components\signin\internal\identity_manager\mutable_profile_oauth2_token_service_delegate.cc:311] MutablePO2TS::MutablePO2TS
[28560:23076:0818/234119.450:VERBOSE1:components\proxy_config\pref_proxy_config_tracker_impl.cc:199] 0x1f2402262940: set chrome proxy config service to 0x1f240231c2a0
[28560:23076:0818/234119.451:VERBOSE1:components\device_event_log\device_event_log_impl.cc:200] [23:41:19.451] Bluetooth: EVENT: bluetooth_api.cc:82 BluetoothAPI: 0x1f2402809a00
[28560:23076:0818/234119.451:VERBOSE1:chrome\browser\signin\account_consistency_mode_manager.cc:207] Desktop Identity Consistency disabled as sign-in to Chrome is not allowed
[28560:23076:0818/234119.451:VERBOSE1:google_apis\gaia\gaia_auth_util.cc:55] Canonicalized @gmail.com to @gmail.com
[28560:23076:0818/234119.451:VERBOSE1:google_apis\gaia\gaia_auth_util.cc:55] Canonicalized @gmail.com to @gmail.com
[28560:23076:0818/234119.452:VERBOSE1:extensions\browser\api\bluetooth_low_energy\bluetooth_low_energy_event_router.cc:291] Initializing BluetoothLowEnergyEventRouter.
[28560:23076:0818/234119.453:VERBOSE1:chrome\browser\signin\account_consistency_mode_manager.cc:207] Desktop Identity Consistency disabled as sign-in to Chrome is not allowed
[28560:23076:0818/234119.454:VERBOSE1:google_apis\gaia\gaia_auth_util.cc:55] Canonicalized @gmail.com to @gmail.com
[28560:23076:0818/234119.454:VERBOSE1:google_apis\gaia\gaia_auth_util.cc:55] Canonicalized @gmail.com to @gmail.com
[28560:23076:0818/234119.454:VERBOSE1:chrome\browser\signin\account_consistency_mode_manager.cc:207] Desktop Identity Consistency disabled as sign-in to Chrome is not allowed
[28560:23076:0818/234119.454:VERBOSE1:components\signin\core\browser\account_reconcilor.cc:165] AccountReconcilor::AccountReconcilor
[28560:23076:0818/234119.454:VERBOSE1:components\signin\core\browser\account_reconcilor.cc:203] AccountReconcilor::Initialize
[28560:23076:0818/234119.454:VERBOSE1:chrome\browser\signin\account_consistency_mode_manager.cc:207] Desktop Identity Consistency disabled as sign-in to Chrome is not allowed
[28560:23076:0818/234119.454:VERBOSE1:chrome\browser\signin\account_consistency_mode_manager.cc:207] Desktop Identity Consistency disabled as sign-in to Chrome is not allowed
[28560:23076:0818/234119.457:VERBOSE1:components\segmentation_platform\internal\database\cached_result_provider.cc:54] CachedResultProvider loaded prefs with results from previous session: PredictionResult: timestamp: 13399996618543579 result 0: 0 for segmentation key shopping_user
[28560:24436:0818/234119.457:VERBOSE1:components\signin\public\webdata\token_service_table.cc:202] Loaded tokens: result = 3 ; number of tokens loaded = 0
[28560:23076:0818/234119.459:VERBOSE1:extensions\browser\extension_registrar.cc:515] AddComponentExtension Web Store
[28560:23076:0818/234119.460:VERBOSE1:extensions\browser\extension_registrar.cc:515] AddComponentExtension Chromium PDF Viewer
[28560:23076:0818/234119.460:VERBOSE1:components\signin\internal\identity_manager\mutable_profile_oauth2_token_service_delegate.cc:404] MutablePO2TS::RefreshTokenIsAvailable
[28560:23076:0818/234119.460:VERBOSE1:components\signin\internal\identity_manager\mutable_profile_oauth2_token_service_delegate.cc:404] MutablePO2TS::RefreshTokenIsAvailable
[28560:23076:0818/234119.460:VERBOSE1:chrome\browser\profiles\profile_manager.cc:1913] ForceSigninCheck: 0, 0, 1
[28560:21768:0818/234119.461:VERBOSE1:components\component_updater\component_installer.cc:481] StartRegistration for Widevine Content Decryption Module
[28560:23076:0818/234119.461:VERBOSE1:components\component_updater\installer_policies\on_device_head_suggest_component_installer.cc:59] On Device Head Component will fetch model for locale: ENUS500000
[28560:39324:0818/234119.461:VERBOSE1:components\component_updater\component_installer.cc:481] StartRegistration for Subresource Filter Rules
[28560:23076:0818/234119.461:VERBOSE1:chrome\browser\component_updater\trust_token_key_commitments_component_installer.cc:21] Registering Trust Token Key Commitments component.
[28560:23076:0818/234119.461:VERBOSE1:chrome\browser\component_updater\first_party_sets_component_installer.cc:37] Registering Related Website Sets component.
[28560:23076:0818/234119.461:VERBOSE1:chrome\browser\component_updater\privacy_sandbox_attestations_component_installer.cc:181] Registering Privacy Sandbox Attestations component
[28560:23076:0818/234119.461:VERBOSE1:chrome\browser\component_updater\file_type_policies_component_installer.cc:126] Registering File Type Policies component.
[28560:3204:0818/234119.461:VERBOSE1:components\component_updater\component_installer.cc:481] StartRegistration for Optimization Hints
[28560:25932:0818/234119.461:VERBOSE1:components\component_updater\component_installer.cc:481] StartRegistration for Trust Token Key Commitments
[28560:5768:0818/234119.461:VERBOSE1:components\component_updater\component_installer.cc:481] StartRegistration for OnDeviceHeadSuggest
[28560:16916:0818/234119.461:VERBOSE1:components\component_updater\component_installer.cc:481] StartRegistration for File Type Policies
[28560:21408:0818/234119.461:VERBOSE1:components\component_updater\component_installer.cc:481] StartRegistration for CRLSet
[28560:4352:0818/234119.461:VERBOSE1:components\component_updater\component_installer.cc:481] StartRegistration for Privacy Sandbox Attestations
[28560:5768:0818/234119.461:VERBOSE1:components\component_updater\installer_policies\on_device_head_suggest_component_installer.cc:83] On Device head model is successfully installed at directory: C:\Users\jakob\Nextcloud\Odin_CEF\examples\cache\OnDeviceHeadSuggestModel\20250803.789100898.14
[28560:23076:0818/234119.461:VERBOSE1:chrome\browser\component_updater\hyphenation_component_installer.cc:149] Registering Hyphenation component.
[28560:8276:0818/234119.461:VERBOSE1:components\component_updater\component_installer.cc:481] StartRegistration for Certificate Error Assistant
[28560:21768:0818/234119.462:VERBOSE1:components\component_updater\component_installer.cc:481] StartRegistration for Origin Trials
[28560:23076:0818/234119.462:VERBOSE1:chrome\browser\component_updater\tpcd_metadata_component_installer.cc:23] Third Party Cookie Deprecation Metadata component.
[28560:23076:0818/234119.462:VERBOSE1:chrome\browser\component_updater\translate_kit_component_installer.cc:163] Registering TranslateKit component.
[28560:5768:0818/234119.462:VERBOSE1:components\component_updater\component_installer.cc:481] StartRegistration for MEI Preload
[28560:23076:0818/234119.462:VERBOSE1:chrome\browser\component_updater\open_cookie_database_component_installer.cc:23] Registering Open Cookie Database component.
[28560:23076:0818/234119.462:VERBOSE1:chrome\browser\component_updater\cookie_readiness_list_component_installer.cc:24] Registering Cookie Readiness List component.
[28560:23076:0818/234119.462:VERBOSE1:chrome\browser\component_updater\probabilistic_reveal_token_component_installer.cc:54] Registering Probabilistic Reveal Token component.
[28560:23076:0818/234119.462:VERBOSE1:chrome\browser\profiles\profile_manager.cc:1278] AddKeepAlive(Default, kProfileCreationFlow). keep_alives=[kWaitingForFirstBrowserWindow (1), kProfileCreationFlow (1)]
[28560:23076:0818/234119.462:VERBOSE1:chrome\browser\profiles\profile_manager.cc:1360] ClearFirstBrowserWindowKeepAlive(Default). keep_alives=[kProfileCreationFlow (1)]
[28560:21408:0818/234119.462:VERBOSE1:components\component_updater\component_installer.cc:481] StartRegistration for PKI Metadata
[28560:21768:0818/234119.462:VERBOSE1:components\component_updater\component_installer.cc:481] StartRegistration for Safety Tips
[28560:3204:0818/234119.462:VERBOSE1:components\component_updater\component_installer.cc:481] StartRegistration for Crowd Deny
[28560:21408:0818/234119.463:VERBOSE1:components\component_updater\component_installer.cc:481] StartRegistration for Hyphenation
[28560:39324:0818/234119.463:VERBOSE1:components\component_updater\component_installer.cc:481] StartRegistration for Zxcvbn Data Dictionaries
[28560:21768:0818/234119.463:VERBOSE1:components\component_updater\component_installer.cc:481] StartRegistration for Autofill States Data
[28560:5768:0818/234119.463:VERBOSE1:components\component_updater\component_installer.cc:481] StartRegistration for Third-Party Cookie Deprecation Metadata
[28560:12032:0818/234119.463:VERBOSE1:components\component_updater\component_installer.cc:481] StartRegistration for Open Cookie Database
[28560:29252:0818/234119.463:VERBOSE1:components\component_updater\component_installer.cc:481] StartRegistration for Cookie Readiness List
[28560:5768:0818/234119.463:VERBOSE1:components\component_updater\component_installer.cc:481] StartRegistration for Amount Extraction Heuristic Regexes
[28560:21768:0818/234119.463:VERBOSE1:components\component_updater\component_installer.cc:481] StartRegistration for Probabilistic Reveal Tokens
[28560:23076:0818/234119.469:VERBOSE1:components\signin\internal\identity_manager\mutable_profile_oauth2_token_service_delegate.cc:521] MutablePO2TS::OnWebDataServiceRequestDone. Result type: 6
[28560:23076:0818/234119.469:VERBOSE1:components\signin\internal\identity_manager\mutable_profile_oauth2_token_service_delegate.cc:580] MutablePO2TS::LoadAllCredentialsIntoMemory; 0 credential(s).
[28560:23076:0818/234119.469:VERBOSE1:components\signin\internal\identity_manager\mutable_profile_oauth2_token_service_delegate.cc:404] MutablePO2TS::RefreshTokenIsAvailable
[28560:23076:0818/234119.469:VERBOSE1:components\signin\internal\identity_manager\mutable_profile_oauth2_token_service_delegate.cc:404] MutablePO2TS::RefreshTokenIsAvailable
[28560:23076:0818/234119.469:VERBOSE1:components\signin\internal\identity_manager\mutable_profile_oauth2_token_service_delegate.cc:404] MutablePO2TS::RefreshTokenIsAvailable
[28560:23076:0818/234119.469:VERBOSE1:components\signin\internal\identity_manager\mutable_profile_oauth2_token_service_delegate.cc:404] MutablePO2TS::RefreshTokenIsAvailable
[28560:23076:0818/234119.469:VERBOSE1:components\signin\internal\identity_manager\mutable_profile_oauth2_token_service_delegate.cc:404] MutablePO2TS::RefreshTokenIsAvailable
[28560:23076:0818/234119.469:VERBOSE1:components\signin\internal\identity_manager\mutable_profile_oauth2_token_service_delegate.cc:404] MutablePO2TS::RefreshTokenIsAvailable
[28560:23076:0818/234119.470:WARNING:chrome\browser\extensions\external_registry_loader_win.cc:232] Error observing HKLM: 5
[28560:23076:0818/234119.470:VERBOSE1:components\component_updater\component_installer.cc:560] FinishRegistration for Widevine Content Decryption Module
[28560:23076:0818/234119.470:VERBOSE1:components\component_updater\component_updater_service.cc:166] CrxUpdateService starting up. First update attempt will take place in 60 s seconds. Next update attempt will take place in 18000 s seconds. 
[28560:23076:0818/234119.470:VERBOSE1:components\component_updater\component_installer.cc:601] Component ready, version 4.10.2891.0 in C:\Users\jakob\Nextcloud\Odin_CEF\examples\cache\WidevineCdm\4.10.2891.0
[28560:23076:0818/234119.470:VERBOSE1:components\component_updater\component_installer.cc:560] FinishRegistration for OnDeviceHeadSuggest
[28560:23076:0818/234119.470:VERBOSE1:components\component_updater\component_installer.cc:601] Component ready, version 20250803.789100898.14 in C:\Users\jakob\Nextcloud\Odin_CEF\examples\cache\OnDeviceHeadSuggestModel\20250803.789100898.14
[28560:23076:0818/234119.470:VERBOSE1:components\component_updater\component_installer.cc:560] FinishRegistration for CRLSet
[28560:23076:0818/234119.470:VERBOSE1:components\component_updater\component_installer.cc:601] Component ready, version 9977 in C:\Users\jakob\Nextcloud\Odin_CEF\examples\cache\CertificateRevocation\9977
[28560:23076:0818/234119.471:VERBOSE1:components\component_updater\component_installer.cc:560] FinishRegistration for Origin Trials
[28560:23076:0818/234119.471:VERBOSE1:components\component_updater\component_installer.cc:601] Component ready, version 1.0.0.17 in C:\Users\jakob\Nextcloud\Odin_CEF\examples\cache\OriginTrials\1.0.0.17
[28560:23076:0818/234119.471:VERBOSE1:components\component_updater\component_installer.cc:560] FinishRegistration for Trust Token Key Commitments
[28560:23076:0818/234119.471:VERBOSE1:components\component_updater\component_installer.cc:560] FinishRegistration for Optimization Hints
[28560:23076:0818/234119.471:VERBOSE1:components\component_updater\component_installer.cc:601] Component ready, version 531 in C:\Users\jakob\Nextcloud\Odin_CEF\examples\cache\OptimizationHints\531
[28560:23076:0818/234119.471:VERBOSE1:components\component_updater\component_installer.cc:560] FinishRegistration for File Type Policies
[28560:23076:0818/234119.471:VERBOSE1:components\component_updater\component_installer.cc:601] Component ready, version 67 in C:\Users\jakob\Nextcloud\Odin_CEF\examples\cache\FileTypePolicies\67
[28560:23076:0818/234119.471:VERBOSE1:chrome\browser\component_updater\file_type_policies_component_installer.cc:88] Component ready, version 67 in C:\Users\jakob\Nextcloud\Odin_CEF\examples\cache\FileTypePolicies\67
[28560:23076:0818/234119.471:VERBOSE1:components\component_updater\component_installer.cc:560] FinishRegistration for PKI Metadata
[28560:23076:0818/234119.471:VERBOSE1:components\component_updater\component_installer.cc:560] FinishRegistration for Safety Tips
[28560:23076:0818/234119.471:VERBOSE1:components\component_updater\component_installer.cc:560] FinishRegistration for Subresource Filter Rules
[28560:23076:0818/234119.471:VERBOSE1:components\component_updater\component_installer.cc:560] FinishRegistration for MEI Preload
[28560:23076:0818/234119.471:VERBOSE1:components\component_updater\component_installer.cc:560] FinishRegistration for Third-Party Cookie Deprecation Metadata
[28560:23076:0818/234119.471:VERBOSE1:components\component_updater\component_installer.cc:560] FinishRegistration for Autofill States Data
[28560:23076:0818/234119.471:VERBOSE1:components\component_updater\component_installer.cc:560] FinishRegistration for Privacy Sandbox Attestations
[28560:23076:0818/234119.471:VERBOSE1:components\component_updater\component_installer.cc:601] Component ready, version 2025.6.16.0 in C:\Users\jakob\Nextcloud\Odin_CEF\examples\cache\PrivacySandboxAttestationsPreloaded\2025.6.16.0
[28560:23076:0818/234119.471:VERBOSE1:chrome\browser\component_updater\privacy_sandbox_attestations_component_installer.cc:111] Privacy Sandbox Attestations Component ready, version 2025.6.16.0 in C:\Users\jakob\Nextcloud\Odin_CEF\examples\cache\PrivacySandboxAttestationsPreloaded\2025.6.16.0
[28560:23076:0818/234119.471:VERBOSE1:chrome\browser\component_updater\privacy_sandbox_attestations_component_installer.cc:188] Received privacy sandbox attestations file
[28560:23076:0818/234119.471:VERBOSE1:components\component_updater\component_installer.cc:560] FinishRegistration for Hyphenation
[28560:23076:0818/234119.471:VERBOSE1:components\component_updater\component_installer.cc:560] FinishRegistration for Amount Extraction Heuristic Regexes
[28560:23076:0818/234119.471:VERBOSE1:components\component_updater\component_installer.cc:560] FinishRegistration for Zxcvbn Data Dictionaries
[28560:23076:0818/234119.471:VERBOSE1:components\component_updater\component_installer.cc:560] FinishRegistration for Probabilistic Reveal Tokens
[28560:23076:0818/234119.471:VERBOSE1:components\component_updater\component_installer.cc:560] FinishRegistration for Crowd Deny
[28560:23076:0818/234119.471:VERBOSE1:components\component_updater\component_installer.cc:560] FinishRegistration for Open Cookie Database
[28560:23076:0818/234119.471:VERBOSE1:components\component_updater\component_installer.cc:560] FinishRegistration for Cookie Readiness List
[28560:23076:0818/234119.471:VERBOSE1:components\component_updater\component_installer.cc:560] FinishRegistration for Certificate Error Assistant
[28560:23076:0818/234119.475:VERBOSE1:chrome\browser\component_updater\widevine_cdm_component_installer.cc:94] Registering Widevine CDM 4.10.2891.0 with Chrome
[28560:23076:0818/234119.475:VERBOSE1:components\privacy_sandbox\privacy_sandbox_attestations\privacy_sandbox_attestations.cc:479] Parsed Privacy Sandbox Attestation list version: 2025.6.16.0
[28560:23076:0818/234119.475:VERBOSE1:components\privacy_sandbox\privacy_sandbox_attestations\privacy_sandbox_attestations.cc:481] Number of attestation entries: 265
[28560:23076:0818/234119.475:VERBOSE1:chrome\browser\web_applications\locks\partitioned_lock_manager.cc:211] Acquiring <PartitionedLockId>{id: 0x31, partition: 0} for Start@chrome\browser\web_applications\generated_icon_fix_manager.cc:60
[28560:23076:0818/234119.475:VERBOSE1:chrome\browser\web_applications\locks\partitioned_lock_manager.cc:193] All locks acquired for Start@chrome\browser\web_applications\generated_icon_fix_manager.cc:60
[28560:23076:0818/234119.476:VERBOSE1:chrome\browser\web_applications\locks\partitioned_lock_manager.cc:235] Releasing <PartitionedLockId>{id: 0x31, partition: 0} requested by Start@chrome\browser\web_applications\generated_icon_fix_manager.cc:60
[28560:23076:0818/234119.479:VERBOSE1:components\segmentation_platform\internal\signals\signal_filter_processor.cc:61] Segmentation platform started observing Session.TotalDuration
[28560:23076:0818/234119.479:VERBOSE1:components\segmentation_platform\internal\signals\signal_filter_processor.cc:61] Segmentation platform started observing Commerce.PriceDrops.ActiveTabNavigationComplete.IsProductDetailPage
[28560:23076:0818/234119.479:VERBOSE1:components\segmentation_platform\internal\signals\signal_filter_processor.cc:54] Segmentation platform started observing Autofill_PolledCreditCardSuggestions
[28560:23076:0818/234119.479:VERBOSE1:components\segmentation_platform\internal\signals\signal_filter_processor.cc:61] Segmentation platform started observing IOS.ParcelTracking.Tracked.AutoTrack
[28560:23076:0818/234119.479:VERBOSE1:components\segmentation_platform\internal\signals\signal_filter_processor.cc:61] Segmentation platform started observing Omnibox.SuggestionUsed.ClientSummarizedResultType
[28560:23076:0818/234119.479:VERBOSE1:components\segmentation_platform\internal\signals\signal_filter_processor.cc:54] Segmentation platform started observing MetadataWriter
[28560:23076:0818/234119.479:VERBOSE1:components\segmentation_platform\internal\signals\signal_filter_processor.cc:61] Segmentation platform started observing Sync.DeviceCount2
[28560:23076:0818/234119.479:VERBOSE1:components\segmentation_platform\internal\signals\signal_filter_processor.cc:61] Segmentation platform started observing Sync.DeviceCount2.Phone
[28560:23076:0818/234119.479:VERBOSE1:components\segmentation_platform\internal\signals\signal_filter_processor.cc:61] Segmentation platform started observing Sync.DeviceCount2.Desktop
[28560:23076:0818/234119.479:VERBOSE1:components\segmentation_platform\internal\signals\signal_filter_processor.cc:61] Segmentation platform started observing Sync.DeviceCount2.Tablet
[28560:23076:0818/234119.479:VERBOSE1:components\segmentation_platform\internal\signals\signal_filter_processor.cc:54] Segmentation platform started observing MobileBookmarkManagerOpen
[28560:23076:0818/234119.479:VERBOSE1:components\segmentation_platform\internal\signals\signal_filter_processor.cc:54] Segmentation platform started observing NewTabPage.MostVisited.Clicked
[28560:23076:0818/234119.479:VERBOSE1:components\segmentation_platform\internal\signals\signal_filter_processor.cc:54] Segmentation platform started observing TabGroup.Created.OpenInNewTab
[28560:23076:0818/234119.479:VERBOSE1:components\segmentation_platform\internal\signals\signal_filter_processor.cc:54] Segmentation platform started observing Android.HistoryPage.OpenItem
[28560:23076:0818/234119.479:VERBOSE1:components\segmentation_platform\internal\signals\signal_filter_processor.cc:54] Segmentation platform started observing MobileMenuRecentTabs
[28560:23076:0818/234119.479:VERBOSE1:components\segmentation_platform\internal\signals\signal_filter_processor.cc:61] Segmentation platform started observing PasswordManager.ManagePasswordsReferrer
[28560:23076:0818/234119.479:VERBOSE1:components\segmentation_platform\internal\signals\signal_filter_processor.cc:61] Segmentation platform started observing PasswordManager.ProfileStore.TotalAccountsHiRes3.WithScheme.Https
[28560:23076:0818/234119.479:VERBOSE1:components\segmentation_platform\internal\signals\signal_filter_processor.cc:61] Segmentation platform started observing PasswordManager.FillingAssistance
[28560:23076:0818/234119.479:VERBOSE1:components\segmentation_platform\internal\signals\signal_filter_processor.cc:61] Segmentation platform started observing PasswordManager.SavedPasswordIsGenerated
[28560:23076:0818/234119.479:VERBOSE1:components\segmentation_platform\internal\signals\signal_filter_processor.cc:61] Segmentation platform started observing PasswordManager.SaveUIDismissalReason
[28560:23076:0818/234119.479:VERBOSE1:components\segmentation_platform\internal\signals\signal_filter_processor.cc:61] Segmentation platform started observing PasswordManager.SaveUIDismissalReason
[28560:23076:0818/234119.479:VERBOSE1:components\segmentation_platform\internal\signals\signal_filter_processor.cc:61] Segmentation platform started observing IOS.CredentialExtension.IsEnabled.Startup
[28560:23076:0818/234119.479:VERBOSE1:components\segmentation_platform\internal\signals\signal_filter_processor.cc:61] Segmentation platform started observing Session.TotalDuration
[29100:31080:0818/234120.175:VERBOSE1:components\viz\service\main\viz_main_impl.cc:86] VizNullHypothesis is disabled (not a warning)
[19108:29652:0818/234135.072:INFO:content\child\child_thread_impl.cc:988] ChildThreadImpl::EnsureConnected()
[21524:19224:0818/234135.087:INFO:content\child\child_thread_impl.cc:988] ChildThreadImpl::EnsureConnected()
[29100:31080:0818/234135.183:INFO:content\child\child_thread_impl.cc:988] ChildThreadImpl::EnsureConnected()
